c:\proyectos visual studio\segundo cuatri. desarrollo\asteroids\asteroids\asteroids\release\vc143.pdb
c:\proyectos visual studio\segundo cuatri. desarrollo\asteroids\asteroids\asteroids\release\menuscenes.obj
c:\proyectos visual studio\segundo cuatri. desarrollo\asteroids\asteroids\asteroids\release\gameplayscenes.obj
c:\proyectos visual studio\segundo cuatri. desarrollo\asteroids\asteroids\asteroids\release\projectile.obj
c:\proyectos visual studio\segundo cuatri. desarrollo\asteroids\asteroids\asteroids\release\player.obj
c:\proyectos visual studio\segundo cuatri. desarrollo\asteroids\asteroids\asteroids\release\buttonsinfo.obj
c:\proyectos visual studio\segundo cuatri. desarrollo\asteroids\asteroids\asteroids\release\button.obj
c:\proyectos visual studio\segundo cuatri. desarrollo\asteroids\asteroids\asteroids\release\asteroid.obj
c:\proyectos visual studio\segundo cuatri. desarrollo\asteroids\asteroids\asteroids\release\main.obj
c:\proyectos visual studio\segundo cuatri. desarrollo\asteroids\asteroids\asteroids\release\game.obj
c:\proyectos visual studio\segundo cuatri. desarrollo\asteroids\asteroids\release\asteroids.exe
c:\proyectos visual studio\segundo cuatri. desarrollo\asteroids\asteroids\release\asteroids.pdb
c:\proyectos visual studio\segundo cuatri. desarrollo\asteroids\asteroids\asteroids\release\asteroids.ipdb
c:\proyectos visual studio\segundo cuatri. desarrollo\asteroids\asteroids\asteroids\release\asteroids.iobj
c:\proyectos visual studio\segundo cuatri. desarrollo\asteroids\asteroids\asteroids\release\asteroids.tlog\cl.command.1.tlog
c:\proyectos visual studio\segundo cuatri. desarrollo\asteroids\asteroids\asteroids\release\asteroids.tlog\cl.items.tlog
c:\proyectos visual studio\segundo cuatri. desarrollo\asteroids\asteroids\asteroids\release\asteroids.tlog\cl.read.1.tlog
c:\proyectos visual studio\segundo cuatri. desarrollo\asteroids\asteroids\asteroids\release\asteroids.tlog\cl.write.1.tlog
c:\proyectos visual studio\segundo cuatri. desarrollo\asteroids\asteroids\asteroids\release\asteroids.tlog\link.command.1.tlog
c:\proyectos visual studio\segundo cuatri. desarrollo\asteroids\asteroids\asteroids\release\asteroids.tlog\link.read.1.tlog
c:\proyectos visual studio\segundo cuatri. desarrollo\asteroids\asteroids\asteroids\release\asteroids.tlog\link.secondary.1.tlog
c:\proyectos visual studio\segundo cuatri. desarrollo\asteroids\asteroids\asteroids\release\asteroids.tlog\link.write.1.tlog
